<?xml version="1.0" encoding="UTF-8"?>
<testsuites name="jest tests" tests="2" failures="0" errors="0" time="20.149">
  <testsuite name="undefined" errors="0" failures="0" skipped="0" timestamp="2022-07-12T04:21:26" time="18.743" tests="1">
    <testcase classname=" SecurityHub Solutions snapshot test" name=" SecurityHub Solutions snapshot test" time="8.671">
    </testcase>
  </testsuite>
  <testsuite name="undefined" errors="0" failures="0" skipped="0" timestamp="2022-07-12T04:21:26" time="19.76" tests="1">
    <testcase classname=" Forensics Solutions snapshot test" name=" Forensics Solutions snapshot test" time="8.237">
    </testcase>
  </testsuite>
</testsuites>